<?xml version="1.0" encoding="UTF-8"?>
<!-- Generated by org.testng.reporters.JUnitReportReporter -->
<testsuite hostname="DESKTOP-8BT1OES" failures="0" tests="1" name="com.cdac.acts.TestClass" time="2.307" errors="0" timestamp="2024-12-22T12:13:50 IST" skipped="0">
  <testcase classname="com.cdac.acts.TestClass" name="textBoxTest1" time="2.307"/>
  <system-out/>
</testsuite> <!-- com.cdac.acts.TestClass -->
